ERROR:root:SQL Server connecting error, reason is: ('01000', "[01000] [unixODBC][Driver Manager]Can't open lib 'SQL Server Native Client 11.0' : file not found (0) (SQLDriverConnect)")
ERROR:root:SQL Server connecting error, reason is: ('01000', "[01000] [unixODBC][Driver Manager]Can't open lib 'SQL Server Native Client 11.0' : file not found (0) (SQLDriverConnect)")
ERROR:root:SQL Server connecting error, reason is: ('01000', "[01000] [unixODBC][Driver Manager]Can't open lib 'SQL Server Native Client 11.0' : file not found (0) (SQLDriverConnect)")
ERROR:root:SQL Server connecting error, reason is: ('01000', "[01000] [unixODBC][Driver Manager]Can't open lib 'SQL Server Native Client 11.0' : file not found (0) (SQLDriverConnect)")
ERROR:root:SQL Server connecting error, reason is: ('01000', "[01000] [unixODBC][Driver Manager]Can't open lib 'SQL Server Native Client 11.0' : file not found (0) (SQLDriverConnect)")
ERROR:root:SQL Server.Error: No results.  Previous SQL was not a query.
ERROR:root:SQL Server.Error: No results.  Previous SQL was not a query.
ERROR:root:SQL Server.Error: No results.  Previous SQL was not a query.
ERROR:root:SQL Server.Error: No results.  Previous SQL was not a query.
ERROR:root:SQL Server.Error: No results.  Previous SQL was not a query.
ERROR:root:SQL Server.Error: No results.  Previous SQL was not a query.
ERROR:root:SQL Server.Error: No results.  Previous SQL was not a query.
ERROR:root:SQL Server.Error: No results.  Previous SQL was not a query.
ERROR:root:SQL Server.Error: ('42000', '[42000] [Microsoft][ODBC Driver 17 for SQL Server][SQL Server]Not all tables do exists. (51000) (SQLExecDirectW)')
ERROR:root:SQL Server.Error: ('42000', '[42000] [Microsoft][ODBC Driver 17 for SQL Server][SQL Server]Not all tables do exists. (51000) (SQLExecDirectW)')
ERROR:root:SQL Server.Error: ('42000', '[42000] [Microsoft][ODBC Driver 17 for SQL Server]Syntax error, permission violation, or other nonspecific error (0) (SQLExecDirectW)')
ERROR:root:SQL Server.Error: ('42000', '[42000] [Microsoft][ODBC Driver 17 for SQL Server][SQL Server]Not all tables do exists. (51000) (SQLExecDirectW)')
ERROR:root:SQL Server.Error: ('42000', '[42000] [Microsoft][ODBC Driver 17 for SQL Server][SQL Server]Not all tables do exists. (51000) (SQLExecDirectW)')
ERROR:root:SQL Server.Error: ('42000', '[42000] [Microsoft][ODBC Driver 17 for SQL Server]Syntax error, permission violation, or other nonspecific error (0) (SQLExecDirectW)')
ERROR:root:SQL Server.Error: No results.  Previous SQL was not a query.
ERROR:root:SQL Server.Error: No results.  Previous SQL was not a query.
ERROR:root:SQL Server.Error: No results.  Previous SQL was not a query.
ERROR:root:SQL Server.Error: No results.  Previous SQL was not a query.
ERROR:root:SQL Server.Error: No results.  Previous SQL was not a query.
ERROR:root:SQL Server.Error: No results.  Previous SQL was not a query.
ERROR:root:SQL Server.Error: No results.  Previous SQL was not a query.
ERROR:root:SQL Server.Error: No results.  Previous SQL was not a query.
ERROR:root:SQL Server.Error: No results.  Previous SQL was not a query.
ERROR:root:SQL Server.Error: No results.  Previous SQL was not a query.
ERROR:root:SQL Server.Error: No results.  Previous SQL was not a query.
ERROR:root:SQL Server.Error: No results.  Previous SQL was not a query.
ERROR:root:SQL Server.Error: No results.  Previous SQL was not a query.
ERROR:root:SQL Server.Error: No results.  Previous SQL was not a query.
ERROR:root:SQL Server.Error: No results.  Previous SQL was not a query.
ERROR:root:SQL Server.Error: No results.  Previous SQL was not a query.
ERROR:root:SQL Server.Error: No results.  Previous SQL was not a query.
ERROR:root:SQL Server.Error: No results.  Previous SQL was not a query.
ERROR:root:SQL Server.Error: No results.  Previous SQL was not a query.
ERROR:root:SQL Server.Error: No results.  Previous SQL was not a query.
ERROR:root:SQL Server.Error: No results.  Previous SQL was not a query.
ERROR:root:SQL Server.Error: No results.  Previous SQL was not a query.
ERROR:root:SQL Server.Error: No results.  Previous SQL was not a query.
ERROR:root:SQL Server.Error: No results.  Previous SQL was not a query.
ERROR:root:SQL Server.Error: ('IMC06', '[IMC06] [Microsoft][ODBC Driver 17 for SQL Server]The connection is broken and recovery is not possible. The connection is marked by the client driver as unrecoverable. No attempt was made to restore the connection. (0) (SQLExecDirectW)')
ERROR:root:SQL Server.Error: No results.  Previous SQL was not a query.
ERROR:root:SQL Server.Error: No results.  Previous SQL was not a query.
ERROR:root:SQL Server.Error: No results.  Previous SQL was not a query.
ERROR:root:SQL Server.Error: No results.  Previous SQL was not a query.
ERROR:root:SQL Server.Error: ('IMC06', '[IMC06] [Microsoft][ODBC Driver 17 for SQL Server]The connection is broken and recovery is not possible. The connection is marked by the client driver as unrecoverable. No attempt was made to restore the connection. (0) (SQLExecDirectW)')
ERROR:root:SQL Server.Error: ('IMC06', '[IMC06] [Microsoft][ODBC Driver 17 for SQL Server]The connection is broken and recovery is not possible. The connection is marked by the client driver as unrecoverable. No attempt was made to restore the connection. (0) (SQLExecDirectW)')
ERROR:root:SQL Server.Error: ('IMC06', '[IMC06] [Microsoft][ODBC Driver 17 for SQL Server]The connection is broken and recovery is not possible. The connection is marked by the client driver as unrecoverable. No attempt was made to restore the connection. (0) (SQLExecDirectW)')
